<?xml version="1.0" encoding="UTF-8"?>
<testsuite xmlns:xsi="http://www.w3.org/2001/XMLSchema-instance" xsi:noNamespaceSchemaLocation="https://maven.apache.org/surefire/maven-surefire-plugin/xsd/surefire-test-report-3.0.xsd" version="3.0" name="TestePersistencia" time="1.881" tests="1" errors="0" skipped="0" failures="0">
  <properties>
    <property name="java.specification.version" value="21"/>
    <property name="sun.cpu.isalist" value="amd64"/>
    <property name="sun.jnu.encoding" value="Cp1252"/>
    <property name="java.class.path" value="C:\Users\20241pf.cc0029\Downloads\ProjetoLPOOE1_AdrielBZanetti-master2\ProjetoLPOOE1_AdrielBZanetti-master\target\test-classes;C:\Users\20241pf.cc0029\Downloads\ProjetoLPOOE1_AdrielBZanetti-master2\ProjetoLPOOE1_AdrielBZanetti-master\target\classes;C:\Users\20241pf.cc0029\.m2\repository\org\hibernate\javax\persistence\hibernate-jpa-2.1-api\1.0.2.Final\hibernate-jpa-2.1-api-1.0.2.Final.jar;C:\Users\20241pf.cc0029\.m2\repository\org\hibernate\hibernate-core\5.3.3.Final\hibernate-core-5.3.3.Final.jar;C:\Users\20241pf.cc0029\.m2\repository\org\jboss\logging\jboss-logging\3.3.2.Final\jboss-logging-3.3.2.Final.jar;C:\Users\20241pf.cc0029\.m2\repository\javax\persistence\javax.persistence-api\2.2\javax.persistence-api-2.2.jar;C:\Users\20241pf.cc0029\.m2\repository\org\javassist\javassist\3.23.1-GA\javassist-3.23.1-GA.jar;C:\Users\20241pf.cc0029\.m2\repository\net\bytebuddy\byte-buddy\1.8.13\byte-buddy-1.8.13.jar;C:\Users\20241pf.cc0029\.m2\repository\antlr\antlr\2.7.7\antlr-2.7.7.jar;C:\Users\20241pf.cc0029\.m2\repository\org\jboss\spec\javax\transaction\jboss-transaction-api_1.2_spec\1.1.1.Final\jboss-transaction-api_1.2_spec-1.1.1.Final.jar;C:\Users\20241pf.cc0029\.m2\repository\org\jboss\jandex\2.0.5.Final\jandex-2.0.5.Final.jar;C:\Users\20241pf.cc0029\.m2\repository\com\fasterxml\classmate\1.3.4\classmate-1.3.4.jar;C:\Users\20241pf.cc0029\.m2\repository\javax\activation\javax.activation-api\1.2.0\javax.activation-api-1.2.0.jar;C:\Users\20241pf.cc0029\.m2\repository\dom4j\dom4j\1.6.1\dom4j-1.6.1.jar;C:\Users\20241pf.cc0029\.m2\repository\org\hibernate\common\hibernate-commons-annotations\5.0.4.Final\hibernate-commons-annotations-5.0.4.Final.jar;C:\Users\20241pf.cc0029\.m2\repository\junit\junit\4.11\junit-4.11.jar;C:\Users\20241pf.cc0029\.m2\repository\org\hamcrest\hamcrest-core\1.3\hamcrest-core-1.3.jar;C:\Users\20241pf.cc0029\.m2\repository\org\postgresql\postgresql\42.2.24\postgresql-42.2.24.jar;C:\Users\20241pf.cc0029\.m2\repository\org\checkerframework\checker-qual\3.5.0\checker-qual-3.5.0.jar;C:\Users\20241pf.cc0029\.m2\repository\org\hibernate\hibernate-entitymanager\4.3.1.Final\hibernate-entitymanager-4.3.1.Final.jar;C:\Users\20241pf.cc0029\.m2\repository\org\jboss\logging\jboss-logging-annotations\1.2.0.Beta1\jboss-logging-annotations-1.2.0.Beta1.jar;C:\Users\20241pf.cc0029\.m2\repository\javax\xml\bind\jaxb-api\2.3.0\jaxb-api-2.3.0.jar;C:\Users\20241pf.cc0029\.m2\repository\org\eclipse\persistence\org.eclipse.persistence.core\2.7.12\org.eclipse.persistence.core-2.7.12.jar;C:\Users\20241pf.cc0029\.m2\repository\org\eclipse\persistence\org.eclipse.persistence.asm\9.4.0\org.eclipse.persistence.asm-9.4.0.jar;C:\Users\20241pf.cc0029\.m2\repository\org\eclipse\persistence\org.eclipse.persistence.antlr\2.7.12\org.eclipse.persistence.antlr-2.7.12.jar;C:\Users\20241pf.cc0029\.m2\repository\org\eclipse\persistence\org.eclipse.persistence.jpa\2.7.12\org.eclipse.persistence.jpa-2.7.12.jar;C:\Users\20241pf.cc0029\.m2\repository\org\eclipse\persistence\org.eclipse.persistence.jpa.jpql\2.7.12\org.eclipse.persistence.jpa.jpql-2.7.12.jar;C:\Users\20241pf.cc0029\.m2\repository\org\eclipse\persistence\org.eclipse.persistence.moxy\2.7.12\org.eclipse.persistence.moxy-2.7.12.jar;C:\Users\20241pf.cc0029\.m2\repository\org\eclipse\persistence\jakarta.persistence\2.2.3\jakarta.persistence-2.2.3.jar;C:\Users\20241pf.cc0029\.m2\repository\org\eclipse\persistence\org.eclipse.persistence.jpa.modelgen.processor\2.7.12\org.eclipse.persistence.jpa.modelgen.processor-2.7.12.jar;"/>
    <property name="java.vm.vendor" value="Oracle Corporation"/>
    <property name="sun.arch.data.model" value="64"/>
    <property name="user.variant" value=""/>
    <property name="java.vendor.url" value="https://java.oracle.com/"/>
    <property name="user.timezone" value="America/Sao_Paulo"/>
    <property name="os.name" value="Windows 11"/>
    <property name="java.vm.specification.version" value="21"/>
    <property name="user.country" value="BR"/>
    <property name="sun.java.launcher" value="SUN_STANDARD"/>
    <property name="sun.boot.library.path" value="C:\Program Files\Java\jdk-21\bin"/>
    <property name="sun.java.command" value="C:\Users\20241pf.cc0029\AppData\Local\Temp\surefire10703478199844662243\surefirebooter-20241105114825755_3.jar C:\Users\20241pf.cc0029\AppData\Local\Temp\surefire10703478199844662243 2024-11-05T11-48-25_626-jvmRun1 surefire-20241105114825755_1tmp surefire_0-20241105114825755_2tmp"/>
    <property name="jdk.debug" value="release"/>
    <property name="test" value="TestePersistencia"/>
    <property name="surefire.test.class.path" value="C:\Users\20241pf.cc0029\Downloads\ProjetoLPOOE1_AdrielBZanetti-master2\ProjetoLPOOE1_AdrielBZanetti-master\target\test-classes;C:\Users\20241pf.cc0029\Downloads\ProjetoLPOOE1_AdrielBZanetti-master2\ProjetoLPOOE1_AdrielBZanetti-master\target\classes;C:\Users\20241pf.cc0029\.m2\repository\org\hibernate\javax\persistence\hibernate-jpa-2.1-api\1.0.2.Final\hibernate-jpa-2.1-api-1.0.2.Final.jar;C:\Users\20241pf.cc0029\.m2\repository\org\hibernate\hibernate-core\5.3.3.Final\hibernate-core-5.3.3.Final.jar;C:\Users\20241pf.cc0029\.m2\repository\org\jboss\logging\jboss-logging\3.3.2.Final\jboss-logging-3.3.2.Final.jar;C:\Users\20241pf.cc0029\.m2\repository\javax\persistence\javax.persistence-api\2.2\javax.persistence-api-2.2.jar;C:\Users\20241pf.cc0029\.m2\repository\org\javassist\javassist\3.23.1-GA\javassist-3.23.1-GA.jar;C:\Users\20241pf.cc0029\.m2\repository\net\bytebuddy\byte-buddy\1.8.13\byte-buddy-1.8.13.jar;C:\Users\20241pf.cc0029\.m2\repository\antlr\antlr\2.7.7\antlr-2.7.7.jar;C:\Users\20241pf.cc0029\.m2\repository\org\jboss\spec\javax\transaction\jboss-transaction-api_1.2_spec\1.1.1.Final\jboss-transaction-api_1.2_spec-1.1.1.Final.jar;C:\Users\20241pf.cc0029\.m2\repository\org\jboss\jandex\2.0.5.Final\jandex-2.0.5.Final.jar;C:\Users\20241pf.cc0029\.m2\repository\com\fasterxml\classmate\1.3.4\classmate-1.3.4.jar;C:\Users\20241pf.cc0029\.m2\repository\javax\activation\javax.activation-api\1.2.0\javax.activation-api-1.2.0.jar;C:\Users\20241pf.cc0029\.m2\repository\dom4j\dom4j\1.6.1\dom4j-1.6.1.jar;C:\Users\20241pf.cc0029\.m2\repository\org\hibernate\common\hibernate-commons-annotations\5.0.4.Final\hibernate-commons-annotations-5.0.4.Final.jar;C:\Users\20241pf.cc0029\.m2\repository\junit\junit\4.11\junit-4.11.jar;C:\Users\20241pf.cc0029\.m2\repository\org\hamcrest\hamcrest-core\1.3\hamcrest-core-1.3.jar;C:\Users\20241pf.cc0029\.m2\repository\org\postgresql\postgresql\42.2.24\postgresql-42.2.24.jar;C:\Users\20241pf.cc0029\.m2\repository\org\checkerframework\checker-qual\3.5.0\checker-qual-3.5.0.jar;C:\Users\20241pf.cc0029\.m2\repository\org\hibernate\hibernate-entitymanager\4.3.1.Final\hibernate-entitymanager-4.3.1.Final.jar;C:\Users\20241pf.cc0029\.m2\repository\org\jboss\logging\jboss-logging-annotations\1.2.0.Beta1\jboss-logging-annotations-1.2.0.Beta1.jar;C:\Users\20241pf.cc0029\.m2\repository\javax\xml\bind\jaxb-api\2.3.0\jaxb-api-2.3.0.jar;C:\Users\20241pf.cc0029\.m2\repository\org\eclipse\persistence\org.eclipse.persistence.core\2.7.12\org.eclipse.persistence.core-2.7.12.jar;C:\Users\20241pf.cc0029\.m2\repository\org\eclipse\persistence\org.eclipse.persistence.asm\9.4.0\org.eclipse.persistence.asm-9.4.0.jar;C:\Users\20241pf.cc0029\.m2\repository\org\eclipse\persistence\org.eclipse.persistence.antlr\2.7.12\org.eclipse.persistence.antlr-2.7.12.jar;C:\Users\20241pf.cc0029\.m2\repository\org\eclipse\persistence\org.eclipse.persistence.jpa\2.7.12\org.eclipse.persistence.jpa-2.7.12.jar;C:\Users\20241pf.cc0029\.m2\repository\org\eclipse\persistence\org.eclipse.persistence.jpa.jpql\2.7.12\org.eclipse.persistence.jpa.jpql-2.7.12.jar;C:\Users\20241pf.cc0029\.m2\repository\org\eclipse\persistence\org.eclipse.persistence.moxy\2.7.12\org.eclipse.persistence.moxy-2.7.12.jar;C:\Users\20241pf.cc0029\.m2\repository\org\eclipse\persistence\jakarta.persistence\2.2.3\jakarta.persistence-2.2.3.jar;C:\Users\20241pf.cc0029\.m2\repository\org\eclipse\persistence\org.eclipse.persistence.jpa.modelgen.processor\2.7.12\org.eclipse.persistence.jpa.modelgen.processor-2.7.12.jar;"/>
    <property name="sun.cpu.endian" value="little"/>
    <property name="user.home" value="C:\Users\20241pf.cc0029"/>
    <property name="user.language" value="pt"/>
    <property name="java.specification.vendor" value="Oracle Corporation"/>
    <property name="java.version.date" value="2023-10-17"/>
    <property name="java.home" value="C:\Program Files\Java\jdk-21"/>
    <property name="file.separator" value="\"/>
    <property name="basedir" value="C:\Users\20241pf.cc0029\Downloads\ProjetoLPOOE1_AdrielBZanetti-master2\ProjetoLPOOE1_AdrielBZanetti-master"/>
    <property name="java.vm.compressedOopsMode" value="Zero based"/>
    <property name="line.separator" value="&#10;"/>
    <property name="java.vm.specification.vendor" value="Oracle Corporation"/>
    <property name="java.specification.name" value="Java Platform API Specification"/>
    <property name="surefire.real.class.path" value="C:\Users\20241pf.cc0029\AppData\Local\Temp\surefire10703478199844662243\surefirebooter-20241105114825755_3.jar"/>
    <property name="user.script" value=""/>
    <property name="sun.management.compiler" value="HotSpot 64-Bit Tiered Compilers"/>
    <property name="java.runtime.version" value="21.0.1+12-LTS-29"/>
    <property name="user.name" value="20241pf.cc0029"/>
    <property name="stdout.encoding" value="Cp1252"/>
    <property name="path.separator" value=";"/>
    <property name="os.version" value="10.0"/>
    <property name="java.runtime.name" value="Java(TM) SE Runtime Environment"/>
    <property name="file.encoding" value="UTF-8"/>
    <property name="java.vm.name" value="Java HotSpot(TM) 64-Bit Server VM"/>
    <property name="maven.ext.class.path" value="C:\Program Files\NetBeans-20\netbeans\java\maven-nblib\netbeans-eventspy.jar;C:\Program Files\NetBeans-20\netbeans\java\maven-nblib\netbeans-eventspy.jar"/>
    <property name="localRepository" value="C:\Users\20241pf.cc0029\.m2\repository"/>
    <property name="java.vendor.url.bug" value="https://bugreport.java.com/bugreport/"/>
    <property name="java.io.tmpdir" value="C:\Users\20241P~1.CC0\AppData\Local\Temp\"/>
    <property name="java.version" value="21.0.1"/>
    <property name="user.dir" value="C:\Users\20241pf.cc0029\Downloads\ProjetoLPOOE1_AdrielBZanetti-master2\ProjetoLPOOE1_AdrielBZanetti-master"/>
    <property name="os.arch" value="amd64"/>
    <property name="java.vm.specification.name" value="Java Virtual Machine Specification"/>
    <property name="sun.os.patch.level" value=""/>
    <property name="native.encoding" value="Cp1252"/>
    <property name="java.library.path" value="C:\Program Files\Java\jdk-21\bin;C:\Windows\Sun\Java\bin;C:\Windows\system32;C:\Windows;C:\Program Files (x86)\NVIDIA Corporation\PhysX\Common;C:\Program Files\Python312\Scripts\;C:\Program Files\Python312\;C:\Program Files\Common Files\Oracle\Java\javapath;C:\Program Files (x86)\Common Files\Oracle\Java\javapath;C:\Windows\system32;C:\Windows;C:\Windows\System32\Wbem;C:\Windows\System32\WindowsPowerShell\v1.0\;C:\Windows\System32\OpenSSH\;C:\Program Files\Microsoft VS Code\bin;C:\Program Files\nodejs\;C:\Program Files\dotnet\;C:\Program Files\Microsoft SQL Server\150\Tools\Binn\;C:\Program Files\Common Files\Autodesk Shared\;C:\Program Files\Microsoft SQL Server\Client SDK\ODBC\170\Tools\Binn\;C:\Program Files (x86)\Microsoft SQL Server\150\Tools\Binn\;C:\Program Files\Microsoft SQL Server\150\DTS\Binn\;C:\Program Files (x86)\Windows Kits\8.1\Windows Performance Toolkit\;C:\Program Files (x86)\Intel\Intel(R) Management Engine Components\DAL;C:\Program Files\Intel\Intel(R) Management Engine Components\DAL;C:\Program Files\Git\cmd;C:\Program Files (x86)\IVI Foundation\VISA\WinNT\Bin;C:\Flutter\flutter\bin;C:\Program Files\Android\Android Studio\jbr;C:\Users\20241pf.cc0029\AppData\Local\Microsoft\WindowsApps;;."/>
    <property name="java.vm.info" value="mixed mode, sharing"/>
    <property name="stderr.encoding" value="Cp1252"/>
    <property name="java.vendor" value="Oracle Corporation"/>
    <property name="java.vm.version" value="21.0.1+12-LTS-29"/>
    <property name="sun.io.unicode.encoding" value="UnicodeLittle"/>
    <property name="java.class.version" value="65.0"/>
  </properties>
  <testcase name="teste" classname="TestePersistencia" time="0.064">
    <system-out><![CDATA[Hibernate: alter table dias_frequentados drop constraint FKb8e6f6b7wcf6s3d7ocoydmikk
Hibernate: alter table tb_Aluno drop constraint FKogi7u3y52lklow8s67pt3y0ca
Hibernate: alter table tb_Curso drop constraint FKdtbdshdppr1m3wd20orv83hsk
Hibernate: alter table tb_Curso drop constraint FK9722r3ogtymfy50puwn81wsyx
Hibernate: alter table tb_Curso drop constraint FKsg73dgdhnmq2wbcyadi84y0i4
Hibernate: alter table tb_Curso drop constraint FKdn30arxcr9uxssenplnl87r5c
Hibernate: alter table tb_Funcionario drop constraint FKg3w7fdlfsdp0ugdeqfqp7e5xe
Hibernate: alter table tb_Instrutor drop constraint FKpc4onqb2x1cgr4quepmto40if
Hibernate: drop table if exists dias_frequentados cascade
Hibernate: drop table if exists tb_Aluno cascade
Hibernate: drop table if exists tb_Curso cascade
Hibernate: drop table if exists tb_Funcionario cascade
Hibernate: drop table if exists tb_Historico cascade
Hibernate: drop table if exists tb_Instrutor cascade
Hibernate: drop table if exists tb_Pessoa cascade
Hibernate: drop sequence if exists hibernate_sequence
Hibernate: create sequence hibernate_sequence start 1 increment 1
Hibernate: create table dias_frequentados (HistoricoAulas_id int4 not null, diaFrequentado timestamp)
Hibernate: create table tb_Aluno (matricula varchar(255) not null, renach varchar(255) not null, id int4 not null, primary key (id))
Hibernate: create table tb_Curso (id int4 not null, carga_horaria int4 not null, categoria char(1) not null, data_inicio date not null, aluno_id int4 not null, funcionario_id int4 not null, historico_id int4 not null, instrutor_id int4 not null, primary key (id))
Hibernate: create table tb_Funcionario (cargo varchar(255), id int4 not null, primary key (id))
Hibernate: create table tb_Historico (id int4 not null, primary key (id))
Hibernate: create table tb_Instrutor (cnh varchar(255) not null, id int4 not null, primary key (id))
Hibernate: create table tb_Pessoa (id int4 not null, cpf varchar(255), data_de_nasc date, fone varchar(255), nome varchar(255), primary key (id))
Hibernate: alter table dias_frequentados add constraint FKb8e6f6b7wcf6s3d7ocoydmikk foreign key (HistoricoAulas_id) references tb_Historico
Hibernate: alter table tb_Aluno add constraint FKogi7u3y52lklow8s67pt3y0ca foreign key (id) references tb_Pessoa
Hibernate: alter table tb_Curso add constraint FKdtbdshdppr1m3wd20orv83hsk foreign key (aluno_id) references tb_Aluno
Hibernate: alter table tb_Curso add constraint FK9722r3ogtymfy50puwn81wsyx foreign key (funcionario_id) references tb_Funcionario
Hibernate: alter table tb_Curso add constraint FKsg73dgdhnmq2wbcyadi84y0i4 foreign key (historico_id) references tb_Historico
Hibernate: alter table tb_Curso add constraint FKdn30arxcr9uxssenplnl87r5c foreign key (instrutor_id) references tb_Instrutor
Hibernate: alter table tb_Funcionario add constraint FKg3w7fdlfsdp0ugdeqfqp7e5xe foreign key (id) references tb_Pessoa
Hibernate: alter table tb_Instrutor add constraint FKpc4onqb2x1cgr4quepmto40if foreign key (id) references tb_Pessoa
Conexão aberta.
Hibernate: select nextval ('hibernate_sequence')
Hibernate: insert into tb_Pessoa (cpf, data_de_nasc, fone, nome, id) values (?, ?, ?, ?, ?)
Hibernate: insert into tb_Funcionario (cargo, id) values (?, ?)
Hibernate: select nextval ('hibernate_sequence')
Hibernate: insert into tb_Pessoa (cpf, data_de_nasc, fone, nome, id) values (?, ?, ?, ?, ?)
Hibernate: insert into tb_Instrutor (cnh, id) values (?, ?)
Hibernate: select nextval ('hibernate_sequence')
Hibernate: insert into tb_Pessoa (cpf, data_de_nasc, fone, nome, id) values (?, ?, ?, ?, ?)
Hibernate: insert into tb_Aluno (matricula, renach, id) values (?, ?, ?)
Hibernate: select nextval ('hibernate_sequence')
Hibernate: insert into tb_Historico (id) values (?)
Hibernate: insert into dias_frequentados (HistoricoAulas_id, diaFrequentado) values (?, ?)
Hibernate: insert into dias_frequentados (HistoricoAulas_id, diaFrequentado) values (?, ?)
Hibernate: insert into dias_frequentados (HistoricoAulas_id, diaFrequentado) values (?, ?)
Hibernate: insert into dias_frequentados (HistoricoAulas_id, diaFrequentado) values (?, ?)
Hibernate: insert into dias_frequentados (HistoricoAulas_id, diaFrequentado) values (?, ?)
Hibernate: select nextval ('hibernate_sequence')
Hibernate: insert into tb_Curso (aluno_id, carga_horaria, categoria, data_inicio, funcionario_id, historico_id, instrutor_id, id) values (?, ?, ?, ?, ?, ?, ?, ?)
]]></system-out>
    <system-err><![CDATA[nov. 05, 2024 11:48:26 AM org.hibernate.ejb.HibernatePersistence logDeprecation
WARN: HHH015016: Encountered a deprecated javax.persistence.spi.PersistenceProvider [org.hibernate.ejb.HibernatePersistence]; use [org.hibernate.jpa.HibernatePersistenceProvider] instead.
nov. 05, 2024 11:48:26 AM org.hibernate.ejb.HibernatePersistence logDeprecation
WARN: HHH015016: Encountered a deprecated javax.persistence.spi.PersistenceProvider [org.hibernate.ejb.HibernatePersistence]; use [org.hibernate.jpa.HibernatePersistenceProvider] instead.
nov. 05, 2024 11:48:26 AM org.hibernate.jpa.internal.util.LogHelper logPersistenceUnitInformation
INFO: HHH000204: Processing PersistenceUnitInfo [
	name: LPOO_SistemaAUTOESCOLA_jar_1.0-SNAPSHOTPU
	...]
nov. 05, 2024 11:48:26 AM org.hibernate.Version logVersion
INFO: HHH000412: Hibernate Core {5.3.3.Final}
nov. 05, 2024 11:48:26 AM org.hibernate.cfg.Environment <clinit>
INFO: HHH000206: hibernate.properties not found
nov. 05, 2024 11:48:26 AM org.hibernate.annotations.common.reflection.java.JavaReflectionManager <clinit>
INFO: HCANN000001: Hibernate Commons Annotations {5.0.4.Final}
nov. 05, 2024 11:48:26 AM org.hibernate.engine.jdbc.connections.internal.DriverManagerConnectionProviderImpl configure
WARN: HHH10001002: Using Hibernate built-in connection pool (not for production use!)
nov. 05, 2024 11:48:26 AM org.hibernate.engine.jdbc.connections.internal.DriverManagerConnectionProviderImpl buildCreator
INFO: HHH10001005: using driver [org.postgresql.Driver] at URL [jdbc:postgresql://localhost:5432/ProjetoLPOOE1_AdrielBZanetti]
nov. 05, 2024 11:48:26 AM org.hibernate.engine.jdbc.connections.internal.DriverManagerConnectionProviderImpl buildCreator
INFO: HHH10001001: Connection properties: {password=****, user=postgres}
nov. 05, 2024 11:48:26 AM org.hibernate.engine.jdbc.connections.internal.DriverManagerConnectionProviderImpl buildCreator
INFO: HHH10001003: Autocommit mode: false
nov. 05, 2024 11:48:26 AM org.hibernate.engine.jdbc.connections.internal.DriverManagerConnectionProviderImpl$PooledConnections <init>
INFO: HHH000115: Hibernate connection pool size: 20 (min=1)
nov. 05, 2024 11:48:26 AM org.hibernate.dialect.Dialect <init>
INFO: HHH000400: Using dialect: org.hibernate.dialect.PostgreSQLDialect
nov. 05, 2024 11:48:27 AM org.hibernate.engine.jdbc.env.internal.LobCreatorBuilderImpl useContextualLobCreation
INFO: HHH000424: Disabling contextual LOB creation as createClob() method threw error : java.lang.reflect.InvocationTargetException
nov. 05, 2024 11:48:27 AM org.hibernate.type.BasicTypeRegistry register
INFO: HHH000270: Type registration [java.util.UUID] overrides previous : org.hibernate.type.UUIDBinaryType@4fbdc0f0
nov. 05, 2024 11:48:27 AM org.hibernate.resource.transaction.backend.jdbc.internal.DdlTransactionIsolatorNonJtaImpl getIsolatedConnection
INFO: HHH10001501: Connection obtained from JdbcConnectionAccess [org.hibernate.engine.jdbc.env.internal.JdbcEnvironmentInitiator$ConnectionProviderJdbcConnectionAccess@10a98392] for (non-JTA) DDL execution was not in auto-commit mode; the Connection 'local transaction' will be committed and the Connection will be set into auto-commit mode.
nov. 05, 2024 11:48:27 AM org.hibernate.resource.transaction.backend.jdbc.internal.DdlTransactionIsolatorNonJtaImpl getIsolatedConnection
INFO: HHH10001501: Connection obtained from JdbcConnectionAccess [org.hibernate.engine.jdbc.env.internal.JdbcEnvironmentInitiator$ConnectionProviderJdbcConnectionAccess@27329d2a] for (non-JTA) DDL execution was not in auto-commit mode; the Connection 'local transaction' will be committed and the Connection will be set into auto-commit mode.
nov. 05, 2024 11:48:27 AM org.hibernate.tool.schema.internal.SchemaCreatorImpl applyImportSources
INFO: HHH000476: Executing import script 'org.hibernate.tool.schema.internal.exec.ScriptSourceInputNonExistentImpl@34585ac9'
]]></system-err>
  </testcase>
</testsuite>